[12:28:46] [main/INFO]: Setting user: Player346
[12:28:56] [main/WARN]: Skipping bad option: lastServer:
[12:28:56] [main/INFO]: LWJGL Version: 2.9.4
[12:29:18] [main/INFO]: Reloading ResourceManager: Default, FMLFileResourcePack:Forge Mod Loader, FMLFileResourcePack:Minecraft Forge, FMLFileResourcePack:Earth 38 Mod
[12:29:18] [main/INFO]: [STDOUT]: Earth 38 Mod is loading!
[12:29:52] [Sound Library Loader/INFO]: Starting up SoundSystem...
[12:29:52] [Thread-5/INFO]: Initializing LWJGL OpenAL
[12:29:52] [Thread-5/INFO]: (The LWJGL binding of OpenAL.  For more information, see http://www.lwjgl.org)
[12:29:53] [Thread-5/INFO]: OpenAL initialized.
[12:29:53] [Sound Library Loader/INFO]: Sound engine started
[12:30:10] [main/INFO]: Created: 8192x4096 textures-atlas
[12:30:19] [main/WARN]: Skipping bad option: lastServer:
[12:30:19] [main/INFO]: Narrator library for x64 successfully loaded
[12:30:24] [Realms Notification Availability checker #1/INFO]: Could not authorize you against Realms server: Invalid session id
[12:33:05] [Server thread/INFO]: Starting integrated minecraft server version 1.12
[12:33:05] [Server thread/INFO]: Generating keypair
[12:33:08] [Server thread/INFO]: Loaded 488 advancements
[12:33:11] [Server thread/INFO]: Preparing start region for level 0
[12:33:12] [Server thread/INFO]: Changing view distance to 12, from 10
[12:33:15] [Server thread/INFO]: Player346[local:E:afaaa0ae] logged in with entity id 13 at (-100.5, 4.0, 1179.5)
[12:33:15] [Server thread/INFO]: Player346 joined the game
[12:33:17] [Server thread/INFO]: Saving and pausing game...
[12:33:17] [Server thread/INFO]: Saving chunks for level 'Earth 38'/overworld
[12:33:18] [Server thread/INFO]: Saving chunks for level 'Earth 38'/the_nether
[12:33:18] [Server thread/INFO]: Saving chunks for level 'Earth 38'/the_end
[12:33:19] [Server thread/WARN]: Can't keep up! Did the system time change, or is the server overloaded? Running 3047ms behind, skipping 60 tick(s)
[12:33:19] [pool-2-thread-1/WARN]: Couldn't look up profile properties for com.mojang.authlib.GameProfile@4445a98b[id=1b411c64-a8c2-3ec5-98f5-0b867e192819,name=Player346,properties={},legacy=false]
com.mojang.authlib.exceptions.AuthenticationException: The client has sent too many requests within a certain amount of time
	at com.mojang.authlib.yggdrasil.YggdrasilAuthenticationService.makeRequest(YggdrasilAuthenticationService.java:79) ~[YggdrasilAuthenticationService.class:?]
	at com.mojang.authlib.yggdrasil.YggdrasilMinecraftSessionService.fillGameProfile(YggdrasilMinecraftSessionService.java:180) [YggdrasilMinecraftSessionService.class:?]
	at com.mojang.authlib.yggdrasil.YggdrasilMinecraftSessionService$1.load(YggdrasilMinecraftSessionService.java:60) [YggdrasilMinecraftSessionService$1.class:?]
	at com.mojang.authlib.yggdrasil.YggdrasilMinecraftSessionService$1.load(YggdrasilMinecraftSessionService.java:57) [YggdrasilMinecraftSessionService$1.class:?]
	at com.google.common.cache.LocalCache$LoadingValueReference.loadFuture(LocalCache.java:3716) [guava-21.0.jar:?]
	at com.google.common.cache.LocalCache$Segment.loadSync(LocalCache.java:2424) [guava-21.0.jar:?]
	at com.google.common.cache.LocalCache$Segment.lockedGetOrLoad(LocalCache.java:2298) [guava-21.0.jar:?]
	at com.google.common.cache.LocalCache$Segment.get(LocalCache.java:2211) [guava-21.0.jar:?]
	at com.google.common.cache.LocalCache.get(LocalCache.java:4154) [guava-21.0.jar:?]
	at com.google.common.cache.LocalCache.getOrLoad(LocalCache.java:4158) [guava-21.0.jar:?]
	at com.google.common.cache.LocalCache$LocalLoadingCache.get(LocalCache.java:5147) [guava-21.0.jar:?]
	at com.google.common.cache.LocalCache$LocalLoadingCache.getUnchecked(LocalCache.java:5153) [guava-21.0.jar:?]
	at com.mojang.authlib.yggdrasil.YggdrasilMinecraftSessionService.fillProfileProperties(YggdrasilMinecraftSessionService.java:170) [YggdrasilMinecraftSessionService.class:?]
	at net.minecraft.client.Minecraft.getProfileProperties(Minecraft.java:3154) [Minecraft.class:?]
	at net.minecraft.client.resources.SkinManager$3.run(SkinManager.java:138) [SkinManager$3.class:?]
	at java.util.concurrent.Executors$RunnableAdapter.call(Executors.java:511) [?:1.8.0_151]
	at java.util.concurrent.FutureTask.run(FutureTask.java:266) [?:1.8.0_151]
	at java.util.concurrent.ThreadPoolExecutor.runWorker(ThreadPoolExecutor.java:1149) [?:1.8.0_151]
	at java.util.concurrent.ThreadPoolExecutor$Worker.run(ThreadPoolExecutor.java:624) [?:1.8.0_151]
	at java.lang.Thread.run(Thread.java:748) [?:1.8.0_151]
[12:33:23] [Server thread/INFO]: Saving and pausing game...
[12:33:23] [Server thread/INFO]: Saving chunks for level 'Earth 38'/overworld
[12:33:23] [Server thread/INFO]: Saving chunks for level 'Earth 38'/the_nether
[12:33:23] [Server thread/INFO]: Saving chunks for level 'Earth 38'/the_end
[12:36:05] [Server thread/INFO]: Saving and pausing game...
[12:36:05] [Server thread/INFO]: Saving chunks for level 'Earth 38'/overworld
[12:36:05] [Server thread/INFO]: Saving chunks for level 'Earth 38'/the_nether
[12:36:05] [Server thread/INFO]: Saving chunks for level 'Earth 38'/the_end
[12:36:06] [Server thread/INFO]: Stopping server
[12:36:06] [Server thread/INFO]: Saving players
[12:36:06] [Server thread/INFO]: Player346 lost connection: Disconnected
[12:36:06] [Server thread/INFO]: Player346 left the game
[12:36:06] [Server thread/INFO]: Stopping singleplayer server as player logged out
[12:36:06] [Server thread/INFO]: Saving worlds
[12:36:06] [Server thread/INFO]: Saving chunks for level 'Earth 38'/overworld
[12:36:06] [Server thread/INFO]: Saving chunks for level 'Earth 38'/the_nether
[12:36:06] [Server thread/INFO]: Saving chunks for level 'Earth 38'/the_end
[12:36:10] [main/INFO]: Stopping!
[12:36:10] [main/INFO]: SoundSystem shutting down...
[12:36:10] [main/WARN]: Author: Paul Lamb, www.paulscode.com
